<?xml version="1.0" encoding="UTF-8"?>
<!-- Generated by org.testng.reporters.JUnitReportReporter -->
<testsuite skipped="0" hostname="DESKTOP-VFOJGPQ" name="automationtest.RESTAPITest" tests="2" failures="0" timestamp="25 Feb 2020 22:27:10 GMT" time="0.005" errors="0">
  <testcase name="postJira" time="0.000" classname="automationtest.RESTAPITest"/>
  <testcase name="deleteTwitter" time="0.005" classname="automationtest.RESTAPITest"/>
</testsuite> <!-- automationtest.RESTAPITest -->
