<?xml version="1.0" encoding="UTF-8"?>
<!-- Generated by org.testng.reporters.JUnitReportReporter -->
<testsuite skipped="0" hostname="DESKTOP-VFOJGPQ" name="automationtest.AppiumTest" tests="2" failures="0" timestamp="25 Feb 2020 22:27:10 GMT" time="0.000" errors="0">
  <testcase name="IOSApps" time="0.000" classname="automationtest.AppiumTest"/>
  <testcase name="NativeAPpAndroid" time="0.000" classname="automationtest.AppiumTest"/>
</testsuite> <!-- automationtest.AppiumTest -->
