<?xml version="1.0" encoding="UTF-8"?>
<!-- Generated by org.testng.reporters.JUnitReportReporter -->
<testsuite skipped="0" hostname="DESKTOP-VFOJGPQ" name="automationtest.SeleniumTest" tests="2" failures="0" timestamp="25 Feb 2020 22:27:10 GMT" time="0.001" errors="0">
  <testcase name="BrowserAUtomation" time="0.000" classname="automationtest.SeleniumTest"/>
  <testcase name="elementsUi" time="0.001" classname="automationtest.SeleniumTest"/>
</testsuite> <!-- automationtest.SeleniumTest -->
